ARM GAS  C:\Users\imkar\AppData\Local\Temp\cc1xddda.s 			page 1


   1              		.cpu cortex-m4
   2              		.arch armv7e-m
   3              		.fpu fpv4-sp-d16
   4              		.eabi_attribute 27, 1
   5              		.eabi_attribute 28, 1
   6              		.eabi_attribute 20, 1
   7              		.eabi_attribute 21, 1
   8              		.eabi_attribute 23, 3
   9              		.eabi_attribute 24, 1
  10              		.eabi_attribute 25, 1
  11              		.eabi_attribute 26, 1
  12              		.eabi_attribute 30, 1
  13              		.eabi_attribute 34, 1
  14              		.eabi_attribute 18, 4
  15              		.file	"spi.c"
  16              		.text
  17              	.Ltext0:
  18              		.cfi_sections	.debug_frame
  19              		.section	.text.MX_SPI3_Init,"ax",%progbits
  20              		.align	1
  21              		.global	MX_SPI3_Init
  22              		.syntax unified
  23              		.thumb
  24              		.thumb_func
  26              	MX_SPI3_Init:
  27              	.LFB132:
  28              		.file 1 "Core/Src/spi.c"
   1:Core/Src/spi.c **** /* USER CODE BEGIN Header */
   2:Core/Src/spi.c **** /**
   3:Core/Src/spi.c ****   ******************************************************************************
   4:Core/Src/spi.c ****   * @file    spi.c
   5:Core/Src/spi.c ****   * @brief   This file provides code for the configuration
   6:Core/Src/spi.c ****   *          of the SPI instances.
   7:Core/Src/spi.c ****   ******************************************************************************
   8:Core/Src/spi.c ****   * @attention
   9:Core/Src/spi.c ****   *
  10:Core/Src/spi.c ****   * Copyright (c) 2022 STMicroelectronics.
  11:Core/Src/spi.c ****   * All rights reserved.
  12:Core/Src/spi.c ****   *
  13:Core/Src/spi.c ****   * This software is licensed under terms that can be found in the LICENSE file
  14:Core/Src/spi.c ****   * in the root directory of this software component.
  15:Core/Src/spi.c ****   * If no LICENSE file comes with this software, it is provided AS-IS.
  16:Core/Src/spi.c ****   *
  17:Core/Src/spi.c ****   ******************************************************************************
  18:Core/Src/spi.c ****   */
  19:Core/Src/spi.c **** /* USER CODE END Header */
  20:Core/Src/spi.c **** /* Includes ------------------------------------------------------------------*/
  21:Core/Src/spi.c **** #include "spi.h"
  22:Core/Src/spi.c **** 
  23:Core/Src/spi.c **** /* USER CODE BEGIN 0 */
  24:Core/Src/spi.c **** 
  25:Core/Src/spi.c **** /* USER CODE END 0 */
  26:Core/Src/spi.c **** 
  27:Core/Src/spi.c **** SPI_HandleTypeDef hspi3;
  28:Core/Src/spi.c **** 
  29:Core/Src/spi.c **** /* SPI3 init function */
  30:Core/Src/spi.c **** void MX_SPI3_Init(void)
ARM GAS  C:\Users\imkar\AppData\Local\Temp\cc1xddda.s 			page 2


  31:Core/Src/spi.c **** {
  29              		.loc 1 31 1 view -0
  30              		.cfi_startproc
  31              		@ args = 0, pretend = 0, frame = 0
  32              		@ frame_needed = 0, uses_anonymous_args = 0
  33 0000 08B5     		push	{r3, lr}
  34              	.LCFI0:
  35              		.cfi_def_cfa_offset 8
  36              		.cfi_offset 3, -8
  37              		.cfi_offset 14, -4
  32:Core/Src/spi.c **** 
  33:Core/Src/spi.c ****   /* USER CODE BEGIN SPI3_Init 0 */
  34:Core/Src/spi.c **** 
  35:Core/Src/spi.c ****   /* USER CODE END SPI3_Init 0 */
  36:Core/Src/spi.c **** 
  37:Core/Src/spi.c ****   /* USER CODE BEGIN SPI3_Init 1 */
  38:Core/Src/spi.c **** 
  39:Core/Src/spi.c ****   /* USER CODE END SPI3_Init 1 */
  40:Core/Src/spi.c ****   hspi3.Instance = SPI3;
  38              		.loc 1 40 3 view .LVU1
  39              		.loc 1 40 18 is_stmt 0 view .LVU2
  40 0002 1048     		ldr	r0, .L5
  41 0004 104B     		ldr	r3, .L5+4
  42 0006 0360     		str	r3, [r0]
  41:Core/Src/spi.c ****   hspi3.Init.Mode = SPI_MODE_MASTER;
  43              		.loc 1 41 3 is_stmt 1 view .LVU3
  44              		.loc 1 41 19 is_stmt 0 view .LVU4
  45 0008 4FF48273 		mov	r3, #260
  46 000c 4360     		str	r3, [r0, #4]
  42:Core/Src/spi.c ****   hspi3.Init.Direction = SPI_DIRECTION_2LINES;
  47              		.loc 1 42 3 is_stmt 1 view .LVU5
  48              		.loc 1 42 24 is_stmt 0 view .LVU6
  49 000e 0023     		movs	r3, #0
  50 0010 8360     		str	r3, [r0, #8]
  43:Core/Src/spi.c ****   hspi3.Init.DataSize = SPI_DATASIZE_4BIT;
  51              		.loc 1 43 3 is_stmt 1 view .LVU7
  52              		.loc 1 43 23 is_stmt 0 view .LVU8
  53 0012 4FF44072 		mov	r2, #768
  54 0016 C260     		str	r2, [r0, #12]
  44:Core/Src/spi.c ****   hspi3.Init.CLKPolarity = SPI_POLARITY_LOW;
  55              		.loc 1 44 3 is_stmt 1 view .LVU9
  56              		.loc 1 44 26 is_stmt 0 view .LVU10
  57 0018 0361     		str	r3, [r0, #16]
  45:Core/Src/spi.c ****   hspi3.Init.CLKPhase = SPI_PHASE_1EDGE;
  58              		.loc 1 45 3 is_stmt 1 view .LVU11
  59              		.loc 1 45 23 is_stmt 0 view .LVU12
  60 001a 4361     		str	r3, [r0, #20]
  46:Core/Src/spi.c ****   hspi3.Init.NSS = SPI_NSS_SOFT;
  61              		.loc 1 46 3 is_stmt 1 view .LVU13
  62              		.loc 1 46 18 is_stmt 0 view .LVU14
  63 001c 4FF40072 		mov	r2, #512
  64 0020 8261     		str	r2, [r0, #24]
  47:Core/Src/spi.c ****   hspi3.Init.BaudRatePrescaler = SPI_BAUDRATEPRESCALER_2;
  65              		.loc 1 47 3 is_stmt 1 view .LVU15
  66              		.loc 1 47 32 is_stmt 0 view .LVU16
  67 0022 C361     		str	r3, [r0, #28]
  48:Core/Src/spi.c ****   hspi3.Init.FirstBit = SPI_FIRSTBIT_MSB;
ARM GAS  C:\Users\imkar\AppData\Local\Temp\cc1xddda.s 			page 3


  68              		.loc 1 48 3 is_stmt 1 view .LVU17
  69              		.loc 1 48 23 is_stmt 0 view .LVU18
  70 0024 0362     		str	r3, [r0, #32]
  49:Core/Src/spi.c ****   hspi3.Init.TIMode = SPI_TIMODE_DISABLE;
  71              		.loc 1 49 3 is_stmt 1 view .LVU19
  72              		.loc 1 49 21 is_stmt 0 view .LVU20
  73 0026 4362     		str	r3, [r0, #36]
  50:Core/Src/spi.c ****   hspi3.Init.CRCCalculation = SPI_CRCCALCULATION_DISABLE;
  74              		.loc 1 50 3 is_stmt 1 view .LVU21
  75              		.loc 1 50 29 is_stmt 0 view .LVU22
  76 0028 8362     		str	r3, [r0, #40]
  51:Core/Src/spi.c ****   hspi3.Init.CRCPolynomial = 7;
  77              		.loc 1 51 3 is_stmt 1 view .LVU23
  78              		.loc 1 51 28 is_stmt 0 view .LVU24
  79 002a 0722     		movs	r2, #7
  80 002c C262     		str	r2, [r0, #44]
  52:Core/Src/spi.c ****   hspi3.Init.CRCLength = SPI_CRC_LENGTH_DATASIZE;
  81              		.loc 1 52 3 is_stmt 1 view .LVU25
  82              		.loc 1 52 24 is_stmt 0 view .LVU26
  83 002e 0363     		str	r3, [r0, #48]
  53:Core/Src/spi.c ****   hspi3.Init.NSSPMode = SPI_NSS_PULSE_ENABLE;
  84              		.loc 1 53 3 is_stmt 1 view .LVU27
  85              		.loc 1 53 23 is_stmt 0 view .LVU28
  86 0030 0823     		movs	r3, #8
  87 0032 4363     		str	r3, [r0, #52]
  54:Core/Src/spi.c ****   if (HAL_SPI_Init(&hspi3) != HAL_OK)
  88              		.loc 1 54 3 is_stmt 1 view .LVU29
  89              		.loc 1 54 7 is_stmt 0 view .LVU30
  90 0034 FFF7FEFF 		bl	HAL_SPI_Init
  91              	.LVL0:
  92              		.loc 1 54 6 view .LVU31
  93 0038 00B9     		cbnz	r0, .L4
  94              	.L1:
  55:Core/Src/spi.c ****   {
  56:Core/Src/spi.c ****     Error_Handler();
  57:Core/Src/spi.c ****   }
  58:Core/Src/spi.c ****   /* USER CODE BEGIN SPI3_Init 2 */
  59:Core/Src/spi.c **** 
  60:Core/Src/spi.c ****   /* USER CODE END SPI3_Init 2 */
  61:Core/Src/spi.c **** 
  62:Core/Src/spi.c **** }
  95              		.loc 1 62 1 view .LVU32
  96 003a 08BD     		pop	{r3, pc}
  97              	.L4:
  56:Core/Src/spi.c ****   }
  98              		.loc 1 56 5 is_stmt 1 view .LVU33
  99 003c FFF7FEFF 		bl	Error_Handler
 100              	.LVL1:
 101              		.loc 1 62 1 is_stmt 0 view .LVU34
 102 0040 FBE7     		b	.L1
 103              	.L6:
 104 0042 00BF     		.align	2
 105              	.L5:
 106 0044 00000000 		.word	.LANCHOR0
 107 0048 003C0040 		.word	1073757184
 108              		.cfi_endproc
 109              	.LFE132:
ARM GAS  C:\Users\imkar\AppData\Local\Temp\cc1xddda.s 			page 4


 111              		.section	.text.HAL_SPI_MspInit,"ax",%progbits
 112              		.align	1
 113              		.global	HAL_SPI_MspInit
 114              		.syntax unified
 115              		.thumb
 116              		.thumb_func
 118              	HAL_SPI_MspInit:
 119              	.LVL2:
 120              	.LFB133:
  63:Core/Src/spi.c **** 
  64:Core/Src/spi.c **** void HAL_SPI_MspInit(SPI_HandleTypeDef* spiHandle)
  65:Core/Src/spi.c **** {
 121              		.loc 1 65 1 is_stmt 1 view -0
 122              		.cfi_startproc
 123              		@ args = 0, pretend = 0, frame = 32
 124              		@ frame_needed = 0, uses_anonymous_args = 0
 125              		.loc 1 65 1 is_stmt 0 view .LVU36
 126 0000 00B5     		push	{lr}
 127              	.LCFI1:
 128              		.cfi_def_cfa_offset 4
 129              		.cfi_offset 14, -4
 130 0002 89B0     		sub	sp, sp, #36
 131              	.LCFI2:
 132              		.cfi_def_cfa_offset 40
  66:Core/Src/spi.c **** 
  67:Core/Src/spi.c ****   GPIO_InitTypeDef GPIO_InitStruct = {0};
 133              		.loc 1 67 3 is_stmt 1 view .LVU37
 134              		.loc 1 67 20 is_stmt 0 view .LVU38
 135 0004 0023     		movs	r3, #0
 136 0006 0393     		str	r3, [sp, #12]
 137 0008 0493     		str	r3, [sp, #16]
 138 000a 0593     		str	r3, [sp, #20]
 139 000c 0693     		str	r3, [sp, #24]
 140 000e 0793     		str	r3, [sp, #28]
  68:Core/Src/spi.c ****   if(spiHandle->Instance==SPI3)
 141              		.loc 1 68 3 is_stmt 1 view .LVU39
 142              		.loc 1 68 15 is_stmt 0 view .LVU40
 143 0010 0268     		ldr	r2, [r0]
 144              		.loc 1 68 5 view .LVU41
 145 0012 144B     		ldr	r3, .L11
 146 0014 9A42     		cmp	r2, r3
 147 0016 02D0     		beq	.L10
 148              	.LVL3:
 149              	.L7:
  69:Core/Src/spi.c ****   {
  70:Core/Src/spi.c ****   /* USER CODE BEGIN SPI3_MspInit 0 */
  71:Core/Src/spi.c **** 
  72:Core/Src/spi.c ****   /* USER CODE END SPI3_MspInit 0 */
  73:Core/Src/spi.c ****     /* SPI3 clock enable */
  74:Core/Src/spi.c ****     __HAL_RCC_SPI3_CLK_ENABLE();
  75:Core/Src/spi.c **** 
  76:Core/Src/spi.c ****     __HAL_RCC_GPIOC_CLK_ENABLE();
  77:Core/Src/spi.c ****     /**SPI3 GPIO Configuration
  78:Core/Src/spi.c ****     PC10     ------> SPI3_SCK
  79:Core/Src/spi.c ****     PC11     ------> SPI3_MISO
  80:Core/Src/spi.c ****     PC12     ------> SPI3_MOSI
  81:Core/Src/spi.c ****     */
ARM GAS  C:\Users\imkar\AppData\Local\Temp\cc1xddda.s 			page 5


  82:Core/Src/spi.c ****     GPIO_InitStruct.Pin = INTERNAL_SPI3_SCK_Pin|INTERNAL_SPI3_MISO_Pin|INTERNAL_SPI3_MOSI_Pin;
  83:Core/Src/spi.c ****     GPIO_InitStruct.Mode = GPIO_MODE_AF_PP;
  84:Core/Src/spi.c ****     GPIO_InitStruct.Pull = GPIO_NOPULL;
  85:Core/Src/spi.c ****     GPIO_InitStruct.Speed = GPIO_SPEED_FREQ_VERY_HIGH;
  86:Core/Src/spi.c ****     GPIO_InitStruct.Alternate = GPIO_AF6_SPI3;
  87:Core/Src/spi.c ****     HAL_GPIO_Init(GPIOC, &GPIO_InitStruct);
  88:Core/Src/spi.c **** 
  89:Core/Src/spi.c ****   /* USER CODE BEGIN SPI3_MspInit 1 */
  90:Core/Src/spi.c **** 
  91:Core/Src/spi.c ****   /* USER CODE END SPI3_MspInit 1 */
  92:Core/Src/spi.c ****   }
  93:Core/Src/spi.c **** }
 150              		.loc 1 93 1 view .LVU42
 151 0018 09B0     		add	sp, sp, #36
 152              	.LCFI3:
 153              		.cfi_remember_state
 154              		.cfi_def_cfa_offset 4
 155              		@ sp needed
 156 001a 5DF804FB 		ldr	pc, [sp], #4
 157              	.LVL4:
 158              	.L10:
 159              	.LCFI4:
 160              		.cfi_restore_state
  74:Core/Src/spi.c **** 
 161              		.loc 1 74 5 is_stmt 1 view .LVU43
 162              	.LBB2:
  74:Core/Src/spi.c **** 
 163              		.loc 1 74 5 view .LVU44
  74:Core/Src/spi.c **** 
 164              		.loc 1 74 5 view .LVU45
 165 001e 03F5EA33 		add	r3, r3, #119808
 166 0022 9A6D     		ldr	r2, [r3, #88]
 167 0024 42F40042 		orr	r2, r2, #32768
 168 0028 9A65     		str	r2, [r3, #88]
  74:Core/Src/spi.c **** 
 169              		.loc 1 74 5 view .LVU46
 170 002a 9A6D     		ldr	r2, [r3, #88]
 171 002c 02F40042 		and	r2, r2, #32768
 172 0030 0192     		str	r2, [sp, #4]
  74:Core/Src/spi.c **** 
 173              		.loc 1 74 5 view .LVU47
 174 0032 019A     		ldr	r2, [sp, #4]
 175              	.LBE2:
  74:Core/Src/spi.c **** 
 176              		.loc 1 74 5 view .LVU48
  76:Core/Src/spi.c ****     /**SPI3 GPIO Configuration
 177              		.loc 1 76 5 view .LVU49
 178              	.LBB3:
  76:Core/Src/spi.c ****     /**SPI3 GPIO Configuration
 179              		.loc 1 76 5 view .LVU50
  76:Core/Src/spi.c ****     /**SPI3 GPIO Configuration
 180              		.loc 1 76 5 view .LVU51
 181 0034 DA6C     		ldr	r2, [r3, #76]
 182 0036 42F00402 		orr	r2, r2, #4
 183 003a DA64     		str	r2, [r3, #76]
  76:Core/Src/spi.c ****     /**SPI3 GPIO Configuration
 184              		.loc 1 76 5 view .LVU52
ARM GAS  C:\Users\imkar\AppData\Local\Temp\cc1xddda.s 			page 6


 185 003c DB6C     		ldr	r3, [r3, #76]
 186 003e 03F00403 		and	r3, r3, #4
 187 0042 0293     		str	r3, [sp, #8]
  76:Core/Src/spi.c ****     /**SPI3 GPIO Configuration
 188              		.loc 1 76 5 view .LVU53
 189 0044 029B     		ldr	r3, [sp, #8]
 190              	.LBE3:
  76:Core/Src/spi.c ****     /**SPI3 GPIO Configuration
 191              		.loc 1 76 5 view .LVU54
  82:Core/Src/spi.c ****     GPIO_InitStruct.Mode = GPIO_MODE_AF_PP;
 192              		.loc 1 82 5 view .LVU55
  82:Core/Src/spi.c ****     GPIO_InitStruct.Mode = GPIO_MODE_AF_PP;
 193              		.loc 1 82 25 is_stmt 0 view .LVU56
 194 0046 4FF4E053 		mov	r3, #7168
 195 004a 0393     		str	r3, [sp, #12]
  83:Core/Src/spi.c ****     GPIO_InitStruct.Pull = GPIO_NOPULL;
 196              		.loc 1 83 5 is_stmt 1 view .LVU57
  83:Core/Src/spi.c ****     GPIO_InitStruct.Pull = GPIO_NOPULL;
 197              		.loc 1 83 26 is_stmt 0 view .LVU58
 198 004c 0223     		movs	r3, #2
 199 004e 0493     		str	r3, [sp, #16]
  84:Core/Src/spi.c ****     GPIO_InitStruct.Speed = GPIO_SPEED_FREQ_VERY_HIGH;
 200              		.loc 1 84 5 is_stmt 1 view .LVU59
  85:Core/Src/spi.c ****     GPIO_InitStruct.Alternate = GPIO_AF6_SPI3;
 201              		.loc 1 85 5 view .LVU60
  85:Core/Src/spi.c ****     GPIO_InitStruct.Alternate = GPIO_AF6_SPI3;
 202              		.loc 1 85 27 is_stmt 0 view .LVU61
 203 0050 0323     		movs	r3, #3
 204 0052 0693     		str	r3, [sp, #24]
  86:Core/Src/spi.c ****     HAL_GPIO_Init(GPIOC, &GPIO_InitStruct);
 205              		.loc 1 86 5 is_stmt 1 view .LVU62
  86:Core/Src/spi.c ****     HAL_GPIO_Init(GPIOC, &GPIO_InitStruct);
 206              		.loc 1 86 31 is_stmt 0 view .LVU63
 207 0054 0623     		movs	r3, #6
 208 0056 0793     		str	r3, [sp, #28]
  87:Core/Src/spi.c **** 
 209              		.loc 1 87 5 is_stmt 1 view .LVU64
 210 0058 03A9     		add	r1, sp, #12
 211 005a 0348     		ldr	r0, .L11+4
 212              	.LVL5:
  87:Core/Src/spi.c **** 
 213              		.loc 1 87 5 is_stmt 0 view .LVU65
 214 005c FFF7FEFF 		bl	HAL_GPIO_Init
 215              	.LVL6:
 216              		.loc 1 93 1 view .LVU66
 217 0060 DAE7     		b	.L7
 218              	.L12:
 219 0062 00BF     		.align	2
 220              	.L11:
 221 0064 003C0040 		.word	1073757184
 222 0068 00080048 		.word	1207961600
 223              		.cfi_endproc
 224              	.LFE133:
 226              		.section	.text.HAL_SPI_MspDeInit,"ax",%progbits
 227              		.align	1
 228              		.global	HAL_SPI_MspDeInit
 229              		.syntax unified
ARM GAS  C:\Users\imkar\AppData\Local\Temp\cc1xddda.s 			page 7


 230              		.thumb
 231              		.thumb_func
 233              	HAL_SPI_MspDeInit:
 234              	.LVL7:
 235              	.LFB134:
  94:Core/Src/spi.c **** 
  95:Core/Src/spi.c **** void HAL_SPI_MspDeInit(SPI_HandleTypeDef* spiHandle)
  96:Core/Src/spi.c **** {
 236              		.loc 1 96 1 is_stmt 1 view -0
 237              		.cfi_startproc
 238              		@ args = 0, pretend = 0, frame = 0
 239              		@ frame_needed = 0, uses_anonymous_args = 0
 240              		.loc 1 96 1 is_stmt 0 view .LVU68
 241 0000 08B5     		push	{r3, lr}
 242              	.LCFI5:
 243              		.cfi_def_cfa_offset 8
 244              		.cfi_offset 3, -8
 245              		.cfi_offset 14, -4
  97:Core/Src/spi.c **** 
  98:Core/Src/spi.c ****   if(spiHandle->Instance==SPI3)
 246              		.loc 1 98 3 is_stmt 1 view .LVU69
 247              		.loc 1 98 15 is_stmt 0 view .LVU70
 248 0002 0268     		ldr	r2, [r0]
 249              		.loc 1 98 5 view .LVU71
 250 0004 074B     		ldr	r3, .L17
 251 0006 9A42     		cmp	r2, r3
 252 0008 00D0     		beq	.L16
 253              	.LVL8:
 254              	.L13:
  99:Core/Src/spi.c ****   {
 100:Core/Src/spi.c ****   /* USER CODE BEGIN SPI3_MspDeInit 0 */
 101:Core/Src/spi.c **** 
 102:Core/Src/spi.c ****   /* USER CODE END SPI3_MspDeInit 0 */
 103:Core/Src/spi.c ****     /* Peripheral clock disable */
 104:Core/Src/spi.c ****     __HAL_RCC_SPI3_CLK_DISABLE();
 105:Core/Src/spi.c **** 
 106:Core/Src/spi.c ****     /**SPI3 GPIO Configuration
 107:Core/Src/spi.c ****     PC10     ------> SPI3_SCK
 108:Core/Src/spi.c ****     PC11     ------> SPI3_MISO
 109:Core/Src/spi.c ****     PC12     ------> SPI3_MOSI
 110:Core/Src/spi.c ****     */
 111:Core/Src/spi.c ****     HAL_GPIO_DeInit(GPIOC, INTERNAL_SPI3_SCK_Pin|INTERNAL_SPI3_MISO_Pin|INTERNAL_SPI3_MOSI_Pin);
 112:Core/Src/spi.c **** 
 113:Core/Src/spi.c ****   /* USER CODE BEGIN SPI3_MspDeInit 1 */
 114:Core/Src/spi.c **** 
 115:Core/Src/spi.c ****   /* USER CODE END SPI3_MspDeInit 1 */
 116:Core/Src/spi.c ****   }
 117:Core/Src/spi.c **** }
 255              		.loc 1 117 1 view .LVU72
 256 000a 08BD     		pop	{r3, pc}
 257              	.LVL9:
 258              	.L16:
 104:Core/Src/spi.c **** 
 259              		.loc 1 104 5 is_stmt 1 view .LVU73
 260 000c 064A     		ldr	r2, .L17+4
 261 000e 936D     		ldr	r3, [r2, #88]
 262 0010 23F40043 		bic	r3, r3, #32768
ARM GAS  C:\Users\imkar\AppData\Local\Temp\cc1xddda.s 			page 8


 263 0014 9365     		str	r3, [r2, #88]
 111:Core/Src/spi.c **** 
 264              		.loc 1 111 5 view .LVU74
 265 0016 4FF4E051 		mov	r1, #7168
 266 001a 0448     		ldr	r0, .L17+8
 267              	.LVL10:
 111:Core/Src/spi.c **** 
 268              		.loc 1 111 5 is_stmt 0 view .LVU75
 269 001c FFF7FEFF 		bl	HAL_GPIO_DeInit
 270              	.LVL11:
 271              		.loc 1 117 1 view .LVU76
 272 0020 F3E7     		b	.L13
 273              	.L18:
 274 0022 00BF     		.align	2
 275              	.L17:
 276 0024 003C0040 		.word	1073757184
 277 0028 00100240 		.word	1073876992
 278 002c 00080048 		.word	1207961600
 279              		.cfi_endproc
 280              	.LFE134:
 282              		.global	hspi3
 283              		.section	.bss.hspi3,"aw",%nobits
 284              		.align	2
 285              		.set	.LANCHOR0,. + 0
 288              	hspi3:
 289 0000 00000000 		.space	100
 289      00000000 
 289      00000000 
 289      00000000 
 289      00000000 
 290              		.text
 291              	.Letext0:
 292              		.file 2 "c:\\tools\\gcc-arm-none-eabi-10.3-2021.10-win32\\gcc-arm-none-eabi-10.3-2021.10\\arm-none
 293              		.file 3 "c:\\tools\\gcc-arm-none-eabi-10.3-2021.10-win32\\gcc-arm-none-eabi-10.3-2021.10\\arm-none
 294              		.file 4 "Drivers/CMSIS/Device/ST/STM32L4xx/Include/stm32l475xx.h"
 295              		.file 5 "Drivers/STM32L4xx_HAL_Driver/Inc/stm32l4xx_hal_def.h"
 296              		.file 6 "Drivers/STM32L4xx_HAL_Driver/Inc/stm32l4xx_hal_gpio.h"
 297              		.file 7 "Drivers/STM32L4xx_HAL_Driver/Inc/stm32l4xx_hal_dma.h"
 298              		.file 8 "Drivers/STM32L4xx_HAL_Driver/Inc/stm32l4xx_hal_spi.h"
 299              		.file 9 "Core/Inc/main.h"
 300              		.file 10 "Core/Inc/spi.h"
ARM GAS  C:\Users\imkar\AppData\Local\Temp\cc1xddda.s 			page 9


DEFINED SYMBOLS
                            *ABS*:00000000 spi.c
C:\Users\imkar\AppData\Local\Temp\cc1xddda.s:20     .text.MX_SPI3_Init:00000000 $t
C:\Users\imkar\AppData\Local\Temp\cc1xddda.s:26     .text.MX_SPI3_Init:00000000 MX_SPI3_Init
C:\Users\imkar\AppData\Local\Temp\cc1xddda.s:106    .text.MX_SPI3_Init:00000044 $d
C:\Users\imkar\AppData\Local\Temp\cc1xddda.s:112    .text.HAL_SPI_MspInit:00000000 $t
C:\Users\imkar\AppData\Local\Temp\cc1xddda.s:118    .text.HAL_SPI_MspInit:00000000 HAL_SPI_MspInit
C:\Users\imkar\AppData\Local\Temp\cc1xddda.s:221    .text.HAL_SPI_MspInit:00000064 $d
C:\Users\imkar\AppData\Local\Temp\cc1xddda.s:227    .text.HAL_SPI_MspDeInit:00000000 $t
C:\Users\imkar\AppData\Local\Temp\cc1xddda.s:233    .text.HAL_SPI_MspDeInit:00000000 HAL_SPI_MspDeInit
C:\Users\imkar\AppData\Local\Temp\cc1xddda.s:276    .text.HAL_SPI_MspDeInit:00000024 $d
C:\Users\imkar\AppData\Local\Temp\cc1xddda.s:288    .bss.hspi3:00000000 hspi3
C:\Users\imkar\AppData\Local\Temp\cc1xddda.s:284    .bss.hspi3:00000000 $d

UNDEFINED SYMBOLS
HAL_SPI_Init
Error_Handler
HAL_GPIO_Init
HAL_GPIO_DeInit
